<?xml version="1.0" encoding="UTF-8"?>
<!-- Generated by org.testng.reporters.JUnitReportReporter -->
<testsuite skipped="0" hostname="Leydis-Laptop" name="com.sauceprojectdemo.test.loginTestNG" tests="1" failures="0" timestamp="2021-06-29T14:44:19 UYT" time="3.688" errors="0">
  <testcase name="loginTest" time="3.688" classname="com.sauceprojectdemo.test.loginTestNG"/>
  <system-out/>
</testsuite> <!-- com.sauceprojectdemo.test.loginTestNG -->
